TN:
SF:/home/k14/work/pesonal/github/timer_manager/src/tm.rs
FN:61,TimerManager::new
FN:89,TimerManager::run
FN:133,TimerManager::handle_command
FN:162,TimerManager::check_expired_timers
FN:208,TimerHandle::set_timer
FN:219,TimerHandle::try_set_timer
FN:229,TimerHandle::cancel_timer
FN:239,TimerHandle::try_cancel_timer
FN:247,TimerHandle::cancel_all_timers
FN:252,TimerHandle::try_cancel_all_timers
FN:257,TimerHandle::shutdown
FN:262,TimerHandle::try_shutdown
FN:267,TimerHandle::recv_event
FN:272,TimerHandle::try_recv_event
FNF:14
FNDA:5,TimerManager::new
FNDA:14,TimerManager::run
FNDA:14,TimerManager::handle_command
FNDA:8,TimerManager::check_expired_timers
FNDA:5,TimerHandle::set_timer
FNDA:1,TimerHandle::try_set_timer
FNDA:1,TimerHandle::cancel_timer
FNDA:0,TimerHandle::try_cancel_timer
FNDA:0,TimerHandle::cancel_all_timers
FNDA:0,TimerHandle::try_cancel_all_timers
FNDA:4,TimerHandle::shutdown
FNDA:0,TimerHandle::try_shutdown
FNDA:4,TimerHandle::recv_event
FNDA:1,TimerHandle::try_recv_event
DA:61,5
DA:68,10
DA:69,10
DA:75,5
DA:85,5
DA:89,14
DA:90,2
DA:91,2
DA:93,4
DA:95,4
DA:96,5
DA:129,2
DA:133,14
DA:134,4
DA:135,4
DA:136,8
DA:137,4
DA:145,1
DA:146,2
DA:150,0
DA:152,0
DA:155,0
DA:162,8
DA:163,3
DA:164,2
DA:167,6
DA:168,4
DA:169,1
DA:174,5
DA:176,1
DA:182,2
DA:184,2
DA:186,0
DA:188,0
DA:194,0
DA:208,5
DA:213,10
DA:214,5
DA:215,15
DA:219,1
DA:225,1
DA:229,1
DA:233,2
DA:234,1
DA:235,3
DA:239,0
DA:243,0
DA:247,0
DA:248,0
DA:252,0
DA:253,0
DA:257,4
DA:258,3
DA:262,0
DA:263,0
DA:267,4
DA:268,3
DA:272,1
DA:273,1
LF:59
LH:45
end_of_record
